Node nu.Adron with logic address 38:
0s  nu.Adron sending packet of size 8 to 32
receiver address: 32
sender address: 38
  151	0bus0000000010010111
  465	0bus0000000111010001
  361	0bus0000000101101001
  298	0bus0000000100101010
  353	0bus0000000101100001
  164	0bus0000000010100100
  304	0bus0000000100110000
  337	0bus0000000101010001
13186	0bus0011001110000010 <- CRC

ack received: 
receiver address: 38
sender address: 32
    0	0bus0000000000000000
    0	0bus0000000000000000 <- CRC

708ns 337ps  nu.Adron sending packet of size 8 to 32
receiver address: 32
sender address: 38
  151	0bus0000000010010111
  465	0bus0000000111010001
  361	0bus0000000101101001
  298	0bus0000000100101010
  353	0bus0000000101100001
  164	0bus0000000010100100
  304	0bus0000000100110000
  337	0bus0000000101010001
13186	0bus0011001110000010 <- CRC

ack received: 
receiver address: 38
sender address: 32
    1	0bus0000000000000001
    0	0bus0000000000000000 <- CRC

101us 416ns 674ps  nu.Adron sending packet of size 8 to 32
receiver address: 32
sender address: 38
  327	0bus0000000101000111
  274	0bus0000000100010010
   76	0bus0000000001001100
   64	0bus0000000001000000
  374	0bus0000000101110110
  186	0bus0000000010111010
   81	0bus0000000001010001
  284	0bus0000000100011100
25519	0bus0110001110101111 <- CRC

ack received: 
receiver address: 38
sender address: 32
    0	0bus0000000000000000
    0	0bus0000000000000000 <- CRC

102us 125ns 11ps  nu.Adron sending packet of size 8 to 32
receiver address: 32
sender address: 38
  327	0bus0000000101000111
  274	0bus0000000100010010
   76	0bus0000000001001100
   64	0bus0000000001000000
  374	0bus0000000101110110
  186	0bus0000000010111010
   81	0bus0000000001010001
  284	0bus0000000100011100
25519	0bus0110001110101111 <- CRC

ack received: 
receiver address: 38
sender address: 32
    1	0bus0000000000000001
    0	0bus0000000000000000 <- CRC

202us 833ns 348ps  nu.Adron sending packet of size 8 to 32
receiver address: 32
sender address: 38
  190	0bus0000000010111110
  265	0bus0000000100001001
   73	0bus0000000001001001
  439	0bus0000000110110111
  157	0bus0000000010011101
  291	0bus0000000100100011
  396	0bus0000000110001100
  472	0bus0000000111011000
21640	0bus0101010010001000 <- CRC

ack received: 
receiver address: 38
sender address: 32
    0	0bus0000000000000000
    0	0bus0000000000000000 <- CRC

203us 541ns 685ps  nu.Adron sending packet of size 8 to 32
receiver address: 32
sender address: 38
  190	0bus0000000010111110
  265	0bus0000000100001001
   73	0bus0000000001001001
  439	0bus0000000110110111
  157	0bus0000000010011101
  291	0bus0000000100100011
  396	0bus0000000110001100
  472	0bus0000000111011000
21640	0bus0101010010001000 <- CRC

ack received: 
receiver address: 38
sender address: 32
    0	0bus0000000000000000
    0	0bus0000000000000000 <- CRC

204us 250ns 22ps  nu.Adron sending packet of size 8 to 32
receiver address: 32
sender address: 38
  190	0bus0000000010111110
  265	0bus0000000100001001
   73	0bus0000000001001001
  439	0bus0000000110110111
  157	0bus0000000010011101
  291	0bus0000000100100011
  396	0bus0000000110001100
  472	0bus0000000111011000
21640	0bus0101010010001000 <- CRC

ack received: 
receiver address: 38
sender address: 32
    1	0bus0000000000000001
    0	0bus0000000000000000 <- CRC

