Node nu.CLUPI with logic address 36:
0s Sending packet of size 25 to 32
Packet sent:
receiver address: 32
sender address: 36
14681	0bus0011100101011001
9576	0bus0010010101101000
13444	0bus0011010010000100
6658	0bus0001101000000010
14604	0bus0011100100001100
1685	0bus0000011010010101
14487	0bus0011100010010111
6600	0bus0001100111001000
10543	0bus0010100100101111
14744	0bus0011100110011000
3586	0bus0000111000000010
11969	0bus0010111011000001
5043	0bus0001001110110011
11843	0bus0010111001000011
1897	0bus0000011101101001
14786	0bus0011100111000010
14848	0bus0011101000000000
8241	0bus0010000000110001
1358	0bus0000010101001110
3419	0bus0000110101011011
12753	0bus0011000111010001
3690	0bus0000111001101010
13516	0bus0011010011001100
1573	0bus0000011000100101
12281	0bus0010111111111001

7us 375ns 39ps Received packet of size 1 from 32
Packet received:
receiver address: 36
sender address: 32
1	0bus0000000000000001

107us 375ns 39ps Sending packet of size 25 to 32
Packet sent:
receiver address: 32
sender address: 36
6691	0bus0001101000100011
5933	0bus0001011100101101
14262	0bus0011011110110110
16070	0bus0011111011000110
1180	0bus0000010010011100
98	0bus0000000001100010
3316	0bus0000110011110100
2725	0bus0000101010100101
9701	0bus0010010111100101
4156	0bus0001000000111100
6813	0bus0001101010011101
269	0bus0000000100001101
10149	0bus0010011110100101
2790	0bus0000101011100110
10744	0bus0010100111111000
15986	0bus0011111001110010
1555	0bus0000011000010011
5530	0bus0001010110011010
23	0bus0000000000010111
11478	0bus0010110011010110
6065	0bus0001011110110001
14141	0bus0011011100111101
2020	0bus0000011111100100
13086	0bus0011001100011110
8489	0bus0010000100101001

108us 854ns 212ps Received packet of size 1 from 32
Packet received:
receiver address: 36
sender address: 32
1	0bus0000000000000001

208us 854ns 212ps Sending packet of size 25 to 32
Packet sent:
receiver address: 32
sender address: 36
13873	0bus0011011000110001
9478	0bus0010010100000110
15769	0bus0011110110011001
4229	0bus0001000010000101
3699	0bus0000111001110011
4076	0bus0000111111101100
4457	0bus0001000101101001
15640	0bus0011110100011000
14250	0bus0011011110101010
11056	0bus0010101100110000
11329	0bus0010110001000001
7159	0bus0001101111110111
2689	0bus0000101010000001
2946	0bus0000101110000010
10958	0bus0010101011001110
1580	0bus0000011000101100
9694	0bus0010010111011110
8586	0bus0010000110001010
5345	0bus0001010011100001
5900	0bus0001011100001100
11824	0bus0010111000110000
6032	0bus0001011110010000
5238	0bus0001010001110110
758	0bus0000001011110110
6005	0bus0001011101110101

210us 333ns 385ps Received packet of size 1 from 32
Packet received:
receiver address: 36
sender address: 32
1	0bus0000000000000001

