Node nu.Drill with logic address 37:
0s Sending packet of size 25 to 32
Packet sent:
receiver address: 32
sender address: 37
55	0bus0000000000110111
31	0bus0000000000011111
64	0bus0000000001000000
173	0bus0000000010101101
237	0bus0000000011101101
226	0bus0000000011100010
215	0bus0000000011010111
126	0bus0000000001111110
0	0bus0000000000000000
79	0bus0000000001001111
21	0bus0000000000010101
95	0bus0000000001011111
240	0bus0000000011110000
236	0bus0000000011101100
203	0bus0000000011001011
122	0bus0000000001111010
80	0bus0000000001010000
69	0bus0000000001000101
89	0bus0000000001011001
218	0bus0000000011011010
39	0bus0000000000100111
89	0bus0000000001011001
211	0bus0000000011010011
87	0bus0000000001010111
151	0bus0000000010010111

8us 500ns 46ps Received packet of size 1 from 32
Packet received:
receiver address: 37
sender address: 32
1	0bus0000000000000001

108us 500ns 46ps Sending packet of size 25 to 32
Packet sent:
receiver address: 32
sender address: 37
71	0bus0000000001000111
203	0bus0000000011001011
82	0bus0000000001010010
115	0bus0000000001110011
36	0bus0000000000100100
15	0bus0000000000001111
189	0bus0000000010111101
29	0bus0000000000011101
57	0bus0000000000111001
225	0bus0000000011100001
216	0bus0000000011011000
81	0bus0000000001010001
128	0bus0000000010000000
206	0bus0000000011001110
120	0bus0000000001111000
179	0bus0000000010110011
230	0bus0000000011100110
62	0bus0000000000111110
241	0bus0000000011110001
2	0bus0000000000000010
255	0bus0000000011111111
115	0bus0000000001110011
241	0bus0000000011110001
213	0bus0000000011010101
71	0bus0000000001000111

109us 979ns 219ps Received packet of size 1 from 32
Packet received:
receiver address: 37
sender address: 32
1	0bus0000000000000001

209us 979ns 219ps Sending packet of size 25 to 32
Packet sent:
receiver address: 32
sender address: 37
86	0bus0000000001010110
239	0bus0000000011101111
151	0bus0000000010010111
131	0bus0000000010000011
246	0bus0000000011110110
212	0bus0000000011010100
143	0bus0000000010001111
93	0bus0000000001011101
122	0bus0000000001111010
117	0bus0000000001110101
250	0bus0000000011111010
234	0bus0000000011101010
21	0bus0000000000010101
97	0bus0000000001100001
157	0bus0000000010011101
147	0bus0000000010010011
250	0bus0000000011111010
141	0bus0000000010001101
213	0bus0000000011010101
135	0bus0000000010000111
53	0bus0000000000110101
119	0bus0000000001110111
169	0bus0000000010101001
105	0bus0000000001101001
228	0bus0000000011100100

211us 458ns 392ps Received packet of size 1 from 32
Packet received:
receiver address: 37
sender address: 32
1	0bus0000000000000001

