Node nu.ISEM with logic address 35:
0s Sending packet of size 25 to 32
Packet sent:
receiver address: 32
sender address: 35
65053	0bus1111111000011101
20540	0bus0101000000111100
20813	0bus0101000101001101
62244	0bus1111001100100100
60886	0bus1110110111010110
30395	0bus0111011010111011
31155	0bus0111100110110011
52106	0bus1100101110001010
57569	0bus1110000011100001
33152	0bus1000000110000000
23949	0bus0101110110001101
52455	0bus1100110011100111
26476	0bus0110011101101100
23082	0bus0101101000101010
733	0bus0000001011011101
61899	0bus1111000111001011
36561	0bus1000111011010001
672	0bus0000001010100000
25173	0bus0110001001010101
22920	0bus0101100110001000
43483	0bus1010100111011011
13823	0bus0011010111111111
33971	0bus1000010010110011
4817	0bus0001001011010001
18472	0bus0100100000101000

5us 125ns 25ps Received packet of size 1 from 32
Packet received:
receiver address: 35
sender address: 32
1	0bus0000000000000001

105us 125ns 25ps Sending packet of size 25 to 32
Packet sent:
receiver address: 32
sender address: 35
39865	0bus1001101110111001
50118	0bus1100001111000110
34308	0bus1000011000000100
42551	0bus1010011000110111
553	0bus0000001000101001
1138	0bus0000010001110010
111	0bus0000000001101111
54210	0bus1101001111000010
14174	0bus0011011101011110
41556	0bus1010001001010100
49343	0bus1100000010111111
32866	0bus1000000001100010
59064	0bus1110011010111000
54889	0bus1101011001101001
30116	0bus0111010110100100
38240	0bus1001010101100000
40469	0bus1001111000010101
37613	0bus1001001011101101
29043	0bus0111000101110011
15750	0bus0011110110000110
3612	0bus0000111000011100
12187	0bus0010111110011011
59097	0bus1110011011011001
1479	0bus0000010111000111
52412	0bus1100110010111100

106us 604ns 198ps Received packet of size 1 from 32
Packet received:
receiver address: 35
sender address: 32
1	0bus0000000000000001

206us 604ns 198ps Sending packet of size 25 to 32
Packet sent:
receiver address: 32
sender address: 35
6251	0bus0001100001101011
27263	0bus0110101001111111
58253	0bus1110001110001101
60615	0bus1110110011000111
47844	0bus1011101011100100
41814	0bus1010001101010110
28270	0bus0110111001101110
15101	0bus0011101011111101
22612	0bus0101100001010100
6738	0bus0001101001010010
57012	0bus1101111010110100
59502	0bus1110100001101110
2915	0bus0000101101100011
8949	0bus0010001011110101
26911	0bus0110100100011111
30091	0bus0111010110001011
22433	0bus0101011110100001
20008	0bus0100111000101000
9694	0bus0010010111011110
32691	0bus0111111110110011
54864	0bus1101011001010000
51743	0bus1100101000011111
23490	0bus0101101111000010
11092	0bus0010101101010100
4532	0bus0001000110110100

208us 83ns 371ps Received packet of size 1 from 32
Packet received:
receiver address: 35
sender address: 32
1	0bus0000000000000001

