Node nu.Ma_MISS with logic address 40:
0s  nu.Ma_MISS sending packet of size 25 to 39
receiver address: 39
sender address: 40
  238	0bus0000000011101110
  109	0bus0000000001101101
  173	0bus0000000010101101
  116	0bus0000000001110100
   21	0bus0000000000010101
  168	0bus0000000010101000
   82	0bus0000000001010010
  147	0bus0000000010010011
   49	0bus0000000000110001
  254	0bus0000000011111110
  131	0bus0000000010000011
   41	0bus0000000000101001
  136	0bus0000000010001000
  161	0bus0000000010100001
  249	0bus0000000011111001
  245	0bus0000000011110101
  177	0bus0000000010110001
  166	0bus0000000010100110
  224	0bus0000000011100000
  100	0bus0000000001100100
   16	0bus0000000000010000
   18	0bus0000000000010010
   92	0bus0000000001011100
  183	0bus0000000010110111
  151	0bus0000000010010111

ack received: 
receiver address: 40
sender address: 39
    1	0bus0000000000000001

101us 583ns 337ps  nu.Ma_MISS sending packet of size 25 to 39
receiver address: 39
sender address: 40
  165	0bus0000000010100101
  134	0bus0000000010000110
   84	0bus0000000001010100
   85	0bus0000000001010101
  199	0bus0000000011000111
  144	0bus0000000010010000
  102	0bus0000000001100110
   33	0bus0000000000100001
   52	0bus0000000000110100
  141	0bus0000000010001101
  174	0bus0000000010101110
  227	0bus0000000011100011
  218	0bus0000000011011010
  254	0bus0000000011111110
   68	0bus0000000001000100
  206	0bus0000000011001110
  197	0bus0000000011000101
  227	0bus0000000011100011
    3	0bus0000000000000011
  141	0bus0000000010001101
   57	0bus0000000000111001
  143	0bus0000000010001111
   13	0bus0000000000001101
  186	0bus0000000010111010
  193	0bus0000000011000001

ack received: 
receiver address: 40
sender address: 39
    1	0bus0000000000000001

203us 229ns 173ps  nu.Ma_MISS sending packet of size 25 to 39
receiver address: 39
sender address: 40
  182	0bus0000000010110110
  121	0bus0000000001111001
    3	0bus0000000000000011
  169	0bus0000000010101001
  121	0bus0000000001111001
  124	0bus0000000001111100
   31	0bus0000000000011111
   29	0bus0000000000011101
  142	0bus0000000010001110
  192	0bus0000000011000000
   60	0bus0000000000111100
  224	0bus0000000011100000
   38	0bus0000000000100110
  220	0bus0000000011011100
   48	0bus0000000000110000
   37	0bus0000000000100101
  179	0bus0000000010110011
  219	0bus0000000011011011
   72	0bus0000000001001000
  189	0bus0000000010111101
   84	0bus0000000001010100
  231	0bus0000000011100111
  231	0bus0000000011100111
  202	0bus0000000011001010
   53	0bus0000000000110101

ack received: 
receiver address: 40
sender address: 39
    1	0bus0000000000000001

