Node nu.MicrOmega with logic address 41:
0s Sending packet of size 25 to 32
Packet sent:
receiver address: 32
sender address: 41
85	0bus0000000001010101
85	0bus0000000001010101
63	0bus0000000000111111
205	0bus0000000011001101
123	0bus0000000001111011
69	0bus0000000001000101
203	0bus0000000011001011
169	0bus0000000010101001
30	0bus0000000000011110
145	0bus0000000010010001
22	0bus0000000000010110
57	0bus0000000000111001
199	0bus0000000011000111
92	0bus0000000001011100
28	0bus0000000000011100
179	0bus0000000010110011
248	0bus0000000011111000
167	0bus0000000010100111
205	0bus0000000011001101
186	0bus0000000010111010
84	0bus0000000001010100
65	0bus0000000001000001
168	0bus0000000010101000
36	0bus0000000000100100
128	0bus0000000010000000

11us 812ns 570ps Received packet of size 1 from 32
Packet received:
receiver address: 41
sender address: 32
1	0bus0000000000000001

111us 812ns 570ps Sending packet of size 25 to 32
Packet sent:
receiver address: 32
sender address: 41
237	0bus0000000011101101
200	0bus0000000011001000
130	0bus0000000010000010
208	0bus0000000011010000
147	0bus0000000010010011
18	0bus0000000000010010
255	0bus0000000011111111
22	0bus0000000000010110
143	0bus0000000010001111
51	0bus0000000000110011
36	0bus0000000000100100
142	0bus0000000010001110
56	0bus0000000000111000
87	0bus0000000001010111
51	0bus0000000000110011
87	0bus0000000001010111
220	0bus0000000011011100
27	0bus0000000000011011
53	0bus0000000000110101
135	0bus0000000010000111
177	0bus0000000010110001
171	0bus0000000010101011
106	0bus0000000001101010
96	0bus0000000001100000
98	0bus0000000001100010

113us 291ns 743ps Received packet of size 1 from 32
Packet received:
receiver address: 41
sender address: 32
1	0bus0000000000000001

213us 291ns 743ps Sending packet of size 25 to 32
Packet sent:
receiver address: 32
sender address: 41
78	0bus0000000001001110
231	0bus0000000011100111
12	0bus0000000000001100
109	0bus0000000001101101
205	0bus0000000011001101
13	0bus0000000000001101
41	0bus0000000000101001
81	0bus0000000001010001
174	0bus0000000010101110
131	0bus0000000010000011
113	0bus0000000001110001
173	0bus0000000010101101
254	0bus0000000011111110
49	0bus0000000000110001
208	0bus0000000011010000
53	0bus0000000000110101
29	0bus0000000000011101
73	0bus0000000001001001
123	0bus0000000001111011
173	0bus0000000010101101
71	0bus0000000001000111
57	0bus0000000000111001
26	0bus0000000000011010
197	0bus0000000011000101
31	0bus0000000000011111

214us 770ns 916ps Received packet of size 1 from 32
Packet received:
receiver address: 41
sender address: 32
1	0bus0000000000000001

