Node nu.MOMA with logic address 43:
0s Sending packet of size 25 to 32
Packet sent:
receiver address: 32
sender address: 43
142	0bus0000000010001110
143	0bus0000000010001111
176	0bus0000000010110000
128	0bus0000000010000000
134	0bus0000000010000110
92	0bus0000000001011100
27	0bus0000000000011011
149	0bus0000000010010101
80	0bus0000000001010000
82	0bus0000000001010010
112	0bus0000000001110000
51	0bus0000000000110011
81	0bus0000000001010001
142	0bus0000000010001110
49	0bus0000000000110001
161	0bus0000000010100001
83	0bus0000000001010011
238	0bus0000000011101110
150	0bus0000000010010110
188	0bus0000000010111100
136	0bus0000000010001000
68	0bus0000000001000100
187	0bus0000000010111011
135	0bus0000000010000111
5	0bus0000000000000101

10us 750ns 60ps Received packet of size 1 from 32
Packet received:
receiver address: 43
sender address: 32
1	0bus0000000000000001

110us 750ns 60ps Sending packet of size 25 to 32
Packet sent:
receiver address: 32
sender address: 43
247	0bus0000000011110111
149	0bus0000000010010101
237	0bus0000000011101101
83	0bus0000000001010011
31	0bus0000000000011111
88	0bus0000000001011000
81	0bus0000000001010001
104	0bus0000000001101000
122	0bus0000000001111010
126	0bus0000000001111110
37	0bus0000000000100101
22	0bus0000000000010110
227	0bus0000000011100011
113	0bus0000000001110001
187	0bus0000000010111011
74	0bus0000000001001010
192	0bus0000000011000000
238	0bus0000000011101110
123	0bus0000000001111011
77	0bus0000000001001101
205	0bus0000000011001101
160	0bus0000000010100000
112	0bus0000000001110000
248	0bus0000000011111000
167	0bus0000000010100111

112us 229ns 233ps Received packet of size 1 from 32
Packet received:
receiver address: 43
sender address: 32
1	0bus0000000000000001

212us 229ns 233ps Sending packet of size 25 to 32
Packet sent:
receiver address: 32
sender address: 43
224	0bus0000000011100000
242	0bus0000000011110010
50	0bus0000000000110010
229	0bus0000000011100101
93	0bus0000000001011101
133	0bus0000000010000101
100	0bus0000000001100100
152	0bus0000000010011000
0	0bus0000000000000000
178	0bus0000000010110010
182	0bus0000000010110110
248	0bus0000000011111000
135	0bus0000000010000111
175	0bus0000000010101111
90	0bus0000000001011010
97	0bus0000000001100001
152	0bus0000000010011000
245	0bus0000000011110101
62	0bus0000000000111110
29	0bus0000000000011101
37	0bus0000000000100101
225	0bus0000000011100001
138	0bus0000000010001010
41	0bus0000000000101001
87	0bus0000000001010111

213us 708ns 406ps Received packet of size 1 from 32
Packet received:
receiver address: 43
sender address: 32
1	0bus0000000000000001

