Node nu.NavCam with logic address 34:
0s Sending packet of size 25 to 32
Packet sent:
receiver address: 32
sender address: 34
15	0bus0000000000001111
174	0bus0000000010101110
102	0bus0000000001100110
122	0bus0000000001111010
201	0bus0000000011001001
5	0bus0000000000000101
123	0bus0000000001111011
227	0bus0000000011100011
59	0bus0000000000111011
6	0bus0000000000000110
96	0bus0000000001100000
113	0bus0000000001110001
133	0bus0000000010000101
245	0bus0000000011110101
56	0bus0000000000111000
244	0bus0000000011110100
69	0bus0000000001000101
223	0bus0000000011011111
32	0bus0000000000100000
38	0bus0000000000100110
226	0bus0000000011100010
204	0bus0000000011001100
88	0bus0000000001011000
115	0bus0000000001110011
254	0bus0000000011111110

6us 250ns 32ps Received packet of size 1 from 32
Packet received:
receiver address: 34
sender address: 32
1	0bus0000000000000001

106us 250ns 32ps Sending packet of size 25 to 32
Packet sent:
receiver address: 32
sender address: 34
10	0bus0000000000001010
127	0bus0000000001111111
58	0bus0000000000111010
182	0bus0000000010110110
197	0bus0000000011000101
60	0bus0000000000111100
144	0bus0000000010010000
191	0bus0000000010111111
63	0bus0000000000111111
211	0bus0000000011010011
217	0bus0000000011011001
224	0bus0000000011100000
230	0bus0000000011100110
127	0bus0000000001111111
209	0bus0000000011010001
194	0bus0000000011000010
149	0bus0000000010010101
220	0bus0000000011011100
16	0bus0000000000010000
39	0bus0000000000100111
157	0bus0000000010011101
181	0bus0000000010110101
247	0bus0000000011110111
58	0bus0000000000111010
188	0bus0000000010111100

107us 729ns 205ps Received packet of size 1 from 32
Packet received:
receiver address: 34
sender address: 32
1	0bus0000000000000001

207us 729ns 205ps Sending packet of size 25 to 32
Packet sent:
receiver address: 32
sender address: 34
205	0bus0000000011001101
120	0bus0000000001111000
233	0bus0000000011101001
196	0bus0000000011000100
131	0bus0000000010000011
38	0bus0000000000100110
164	0bus0000000010100100
73	0bus0000000001001001
33	0bus0000000000100001
80	0bus0000000001010000
25	0bus0000000000011001
88	0bus0000000001011000
176	0bus0000000010110000
34	0bus0000000000100010
8	0bus0000000000001000
183	0bus0000000010110111
236	0bus0000000011101100
238	0bus0000000011101110
119	0bus0000000001110111
251	0bus0000000011111011
12	0bus0000000000001100
18	0bus0000000000010010
220	0bus0000000011011100
255	0bus0000000011111111
88	0bus0000000001011000

209us 208ns 378ps Received packet of size 1 from 32
Packet received:
receiver address: 34
sender address: 32
1	0bus0000000000000001

