Node nu.PanCam with logic address 33:
0s  nu.PanCam sending packet of size 8 to 39
receiver address: 39
sender address: 33
  880	0bus0000001101110000
  979	0bus0000001111010011
  499	0bus0000000111110011
  507	0bus0000000111111011
  738	0bus0000001011100010
  595	0bus0000001001010011
  370	0bus0000000101110010
  647	0bus0000001010000111

1us 770ns 839ps  nu.PanCam received packet of size 8 from 34 in 1.77084e-06s
receiver address: 33
sender address: 34
  106	0bus0000000001101010
   80	0bus0000000001010000
  164	0bus0000000010100100
   93	0bus0000000001011101
  201	0bus0000000011001001
  125	0bus0000000001111101
  124	0bus0000000001111100
   23	0bus0000000000010111

2us 20ns 838ps  nu.PanCam sending packet of size 1 to 34
receiver address: 34
sender address: 33
    0	0bus0000000000000000

2us 187ns 505ps  nu.PanCam received packet of size 8 from 35 in 4.16666e-07s
receiver address: 33
sender address: 35
54005	0bus1101001011110101
36321	0bus1000110111100001
59561	0bus1110100010101001
46736	0bus1011011010010000
 7087	0bus0001101110101111
43198	0bus1010100010111110
46176	0bus1011010001100000
18879	0bus0100100110111111

2us 291ns 671ps  nu.PanCam sending packet of size 1 to 35
receiver address: 35
sender address: 33
    0	0bus0000000000000000

ack received: 
receiver address: 33
sender address: 39
    0	0bus0000000000000000

