Node nu.PrintUnit with logic address 32:
1us 229ns 174ps  nu.PrintUnit received packet of size 25 from 38 in 1.22917e-06s
receiver address: 32
sender address: 38
  311	0bus0000000100110111
   60	0bus0000000000111100
  153	0bus0000000010011001
  189	0bus0000000010111101
  352	0bus0000000101100000
  272	0bus0000000100010000
  139	0bus0000000010001011
  215	0bus0000000011010111
  223	0bus0000000011011111
   60	0bus0000000000111100
  447	0bus0000000110111111
  131	0bus0000000010000011
  292	0bus0000000100100100
  141	0bus0000000010001101
  432	0bus0000000110110000
  102	0bus0000000001100110
  216	0bus0000000011011000
  414	0bus0000000110011110
  211	0bus0000000011010011
  299	0bus0000000100101011
  488	0bus0000000111101000
  154	0bus0000000010011010
  267	0bus0000000100001011
  150	0bus0000000010010110
  231	0bus0000000011100111

1us 229ns 174ps  nu.PrintUnit sending packet of size 1 to 38
receiver address: 38
sender address: 32
    1	0bus0000000000000001

