Node nu.RLS with logic address 42:
0s Sending packet of size 25 to 32
Packet sent:
receiver address: 32
sender address: 42
78	0bus0000000001001110
77	0bus0000000001001101
154	0bus0000000010011010
234	0bus0000000011101010
226	0bus0000000011100010
128	0bus0000000010000000
248	0bus0000000011111000
185	0bus0000000010111001
142	0bus0000000010001110
95	0bus0000000001011111
60	0bus0000000000111100
34	0bus0000000000100010
214	0bus0000000011010110
124	0bus0000000001111100
174	0bus0000000010101110
201	0bus0000000011001001
53	0bus0000000000110101
1	0bus0000000000000001
130	0bus0000000010000010
13	0bus0000000000001101
58	0bus0000000000111010
95	0bus0000000001011111
155	0bus0000000010011011
28	0bus0000000000011100
112	0bus0000000001110000

2us 875ns 11ps Received packet of size 1 from 32
Packet received:
receiver address: 42
sender address: 32
1	0bus0000000000000001

102us 875ns 11ps Sending packet of size 25 to 32
Packet sent:
receiver address: 32
sender address: 42
173	0bus0000000010101101
225	0bus0000000011100001
212	0bus0000000011010100
138	0bus0000000010001010
239	0bus0000000011101111
82	0bus0000000001010010
137	0bus0000000010001001
133	0bus0000000010000101
240	0bus0000000011110000
11	0bus0000000000001011
43	0bus0000000000101011
176	0bus0000000010110000
77	0bus0000000001001101
248	0bus0000000011111000
33	0bus0000000000100001
56	0bus0000000000111000
9	0bus0000000000001001
237	0bus0000000011101101
121	0bus0000000001111001
189	0bus0000000010111101
101	0bus0000000001100101
93	0bus0000000001011101
134	0bus0000000010000110
71	0bus0000000001000111
144	0bus0000000010010000

104us 354ns 184ps Received packet of size 1 from 32
Packet received:
receiver address: 42
sender address: 32
1	0bus0000000000000001

204us 354ns 184ps Sending packet of size 25 to 32
Packet sent:
receiver address: 32
sender address: 42
64	0bus0000000001000000
24	0bus0000000000011000
88	0bus0000000001011000
152	0bus0000000010011000
13	0bus0000000000001101
140	0bus0000000010001100
124	0bus0000000001111100
222	0bus0000000011011110
121	0bus0000000001111001
100	0bus0000000001100100
55	0bus0000000000110111
58	0bus0000000000111010
230	0bus0000000011100110
176	0bus0000000010110000
144	0bus0000000010010000
10	0bus0000000000001010
227	0bus0000000011100011
69	0bus0000000001000101
62	0bus0000000000111110
21	0bus0000000000010101
207	0bus0000000011001111
107	0bus0000000001101011
253	0bus0000000011111101
13	0bus0000000000001101
155	0bus0000000010011011

205us 833ns 357ps Received packet of size 1 from 32
Packet received:
receiver address: 42
sender address: 32
1	0bus0000000000000001

