Node nu.WISDOM with logic address 39:
0s  nu.WISDOM sending packet of size 25 to 38
receiver address: 38
sender address: 39
31153	0bus0111100110110001
38078	0bus1001010010111110
31162	0bus0111100110111010
10693	0bus0010100111000101
16650	0bus0100000100001010
65141	0bus1111111001110101
54940	0bus1101011010011100
47606	0bus1011100111110110
41335	0bus1010000101110111
64829	0bus1111110100111101
46401	0bus1011010101000001
23677	0bus0101110001111101
19745	0bus0100110100100001
25194	0bus0110001001101010
30329	0bus0111011001111001
45516	0bus1011000111001100
50932	0bus1100011011110100
43709	0bus1010101010111101
32702	0bus0111111110111110
17937	0bus0100011000010001
53932	0bus1101001010101100
 6361	0bus0001100011011001
59639	0bus1110100011110111
60443	0bus1110110000011011
53187	0bus1100111111000011

1us 229ns 174ps  nu.WISDOM received packet of size 25 from 40 in 1.20834e-06s
receiver address: 39
sender address: 40
  163	0bus0000000010100011
  149	0bus0000000010010101
    9	0bus0000000000001001
  185	0bus0000000010111001
   39	0bus0000000000100111
   64	0bus0000000001000000
  134	0bus0000000010000110
  221	0bus0000000011011101
   99	0bus0000000001100011
   79	0bus0000000001001111
   25	0bus0000000000011001
  175	0bus0000000010101111
  151	0bus0000000010010111
   20	0bus0000000000010100
  246	0bus0000000011110110
  253	0bus0000000011111101
   87	0bus0000000001010111
  196	0bus0000000011000100
   30	0bus0000000000011110
  189	0bus0000000010111101
   13	0bus0000000000001101
   22	0bus0000000000010110
   21	0bus0000000000010101
   62	0bus0000000000111110
    0	0bus0000000000000000

1us 229ns 175ps  nu.WISDOM sending packet of size 1 to 40
receiver address: 40
sender address: 39
    1	0bus0000000000000001

1us 479ns 173ps  nu.WISDOM received packet of size 4 from 33 in 2.49998e-07s
receiver address: 39
sender address: 33
  735	0bus0000001011011111
  243	0bus0000000011110011
   31	0bus0000000000011111
  130	0bus0000000010000010

ack received: 
receiver address: 39
sender address: 33
  735	0bus0000001011011111
  243	0bus0000000011110011
   31	0bus0000000000011111
  130	0bus0000000010000010

1us 479ns 174ps  nu.WISDOM sending packet of size 1 to 33
receiver address: 33
sender address: 39
    1	0bus0000000000000001

101us 479ns 173ps  nu.WISDOM sending packet of size 25 to 38
receiver address: 38
sender address: 39
25215	0bus0110001001111111
45984	0bus1011001110100000
48511	0bus1011110101111111
44330	0bus1010110100101010
15974	0bus0011111001100110
58128	0bus1110001100010000
44217	0bus1010110010111001
24384	0bus0101111101000000
 3857	0bus0000111100010001
25976	0bus0110010101111000
37938	0bus1001010000110010
13772	0bus0011010111001100
 9689	0bus0010010111011001
35593	0bus1000101100001001
28621	0bus0110111111001101
63261	0bus1111011100011101
61630	0bus1111000010111110
25405	0bus0110001100111101
40541	0bus1001111001011101
45990	0bus1011001110100110
19890	0bus0100110110110010
43709	0bus1010101010111101
 8936	0bus0010001011101000
26112	0bus0110011000000000
30231	0bus0111011000010111

102us 708ns 347ps  nu.WISDOM received packet of size 25 from 40 in 0.000101063s
receiver address: 39
sender address: 40
  193	0bus0000000011000001
  194	0bus0000000011000010
  120	0bus0000000001111000
   41	0bus0000000000101001
   43	0bus0000000000101011
   31	0bus0000000000011111
  110	0bus0000000001101110
  192	0bus0000000011000000
   15	0bus0000000000001111
  165	0bus0000000010100101
  188	0bus0000000010111100
  166	0bus0000000010100110
  103	0bus0000000001100111
   35	0bus0000000000100011
  144	0bus0000000010010000
  242	0bus0000000011110010
  154	0bus0000000010011010
   55	0bus0000000000110111
   57	0bus0000000000111001
  120	0bus0000000001111000
  195	0bus0000000011000011
  223	0bus0000000011011111
  100	0bus0000000001100100
   61	0bus0000000000111101
   39	0bus0000000000100111

102us 708ns 348ps  nu.WISDOM sending packet of size 1 to 40
receiver address: 40
sender address: 39
    1	0bus0000000000000001

102us 958ns 346ps  nu.WISDOM received packet of size 4 from 33 in 2.49998e-07s
receiver address: 39
sender address: 33
  746	0bus0000001011101010
  214	0bus0000000011010110
  337	0bus0000000101010001
  313	0bus0000000100111001

ack received: 
receiver address: 39
sender address: 33
  746	0bus0000001011101010
  214	0bus0000000011010110
  337	0bus0000000101010001
  313	0bus0000000100111001

102us 958ns 347ps  nu.WISDOM sending packet of size 1 to 33
receiver address: 33
sender address: 39
    1	0bus0000000000000001

202us 958ns 346ps  nu.WISDOM sending packet of size 25 to 38
receiver address: 38
sender address: 39
23576	0bus0101110000011000
31185	0bus0111100111010001
62288	0bus1111001101010000
23787	0bus0101110011101011
13563	0bus0011010011111011
53381	0bus1101000010000101
24414	0bus0101111101011110
57926	0bus1110001001000110
38434	0bus1001011000100010
 4167	0bus0001000001000111
35647	0bus1000101100111111
10154	0bus0010011110101010
30173	0bus0111010111011101
50715	0bus1100011000011011
43118	0bus1010100001101110
59223	0bus1110011101010111
12541	0bus0011000011111101
60506	0bus1110110001011010
59916	0bus1110101000001100
41812	0bus1010001101010100
35954	0bus1000110001110010
35184	0bus1000100101110000
42148	0bus1010010010100100
 9664	0bus0010010111000000
13890	0bus0011011001000010

204us 187ns 520ps  nu.WISDOM received packet of size 25 from 40 in 0.000101063s
receiver address: 39
sender address: 40
  119	0bus0000000001110111
   85	0bus0000000001010101
  233	0bus0000000011101001
   58	0bus0000000000111010
  194	0bus0000000011000010
  145	0bus0000000010010001
  180	0bus0000000010110100
   42	0bus0000000000101010
   76	0bus0000000001001100
  123	0bus0000000001111011
   12	0bus0000000000001100
   66	0bus0000000001000010
  187	0bus0000000010111011
   90	0bus0000000001011010
  240	0bus0000000011110000
   76	0bus0000000001001100
  181	0bus0000000010110101
   75	0bus0000000001001011
  120	0bus0000000001111000
   16	0bus0000000000010000
   65	0bus0000000001000001
  130	0bus0000000010000010
   29	0bus0000000000011101
   51	0bus0000000000110011
  119	0bus0000000001110111

204us 187ns 521ps  nu.WISDOM sending packet of size 1 to 40
receiver address: 40
sender address: 39
    1	0bus0000000000000001

204us 437ns 519ps  nu.WISDOM received packet of size 4 from 33 in 2.49998e-07s
receiver address: 39
sender address: 33
  358	0bus0000000101100110
  912	0bus0000001110010000
  889	0bus0000001101111001
  999	0bus0000001111100111

ack received: 
receiver address: 39
sender address: 33
  358	0bus0000000101100110
  912	0bus0000001110010000
  889	0bus0000001101111001
  999	0bus0000001111100111

204us 437ns 520ps  nu.WISDOM sending packet of size 1 to 33
receiver address: 33
sender address: 39
    1	0bus0000000000000001

