\BOOKMARK [1][-]{section.1}{Task\040formulation}{}% 1
\BOOKMARK [1][-]{section.2}{Introduction}{}% 2
\BOOKMARK [1][-]{section.3}{Description\040of\040ExoMars2020's\040rover}{}% 3
\BOOKMARK [2][-]{subsection.3.1}{PanCam}{section.3}% 4
\BOOKMARK [2][-]{subsection.3.2}{ISEM}{section.3}% 5
\BOOKMARK [2][-]{subsection.3.3}{CLUPI}{section.3}% 6
\BOOKMARK [2][-]{subsection.3.4}{WISDOM}{section.3}% 7
\BOOKMARK [2][-]{subsection.3.5}{Adron}{section.3}% 8
\BOOKMARK [2][-]{subsection.3.6}{Ma_MISS}{section.3}% 9
\BOOKMARK [2][-]{subsection.3.7}{MicrOmega}{section.3}% 10
\BOOKMARK [2][-]{subsection.3.8}{RLS}{section.3}% 11
\BOOKMARK [2][-]{subsection.3.9}{MOMA}{section.3}% 12
\BOOKMARK [1][-]{section.4}{Model\040structure\040and\040functioning\040description}{}% 13
\BOOKMARK [2][-]{subsection.4.1}{Features}{section.4}% 14
\BOOKMARK [2][-]{subsection.4.2}{Network\040Unit}{section.4}% 15
\BOOKMARK [2][-]{subsection.4.3}{Node\040Unit}{section.4}% 16
\BOOKMARK [2][-]{subsection.4.4}{Packet\040Unit}{section.4}% 17
\BOOKMARK [2][-]{subsection.4.5}{Switch\040Unit}{section.4}% 18
\BOOKMARK [1][-]{section.5}{Simulation\040results}{}% 19
\BOOKMARK [2][-]{subsection.5.1}{Console\040output}{section.5}% 20
\BOOKMARK [2][-]{subsection.5.2}{Traces}{section.5}% 21
\BOOKMARK [2][-]{subsection.5.3}{Modelling\040time\040comparison}{section.5}% 22
\BOOKMARK [1][-]{section.6}{Conclusion}{}% 23
