  printunit.cpp
  Unknown compiler version - please run the configure tests and report the results
c:\program files (x86)\microsoft visual studio\2017\community\vc\tools\msvc\14.15.26726\include\type_traits(16707566): warning C4244: 'argument' : conversion de 'sc_dt::uint_type' en 'size_t', perte possible de données
  c:\program files (x86)\microsoft visual studio\2017\community\vc\tools\msvc\14.15.26726\include\type_traits(16707566): note: voir la référence à l'instanciation de la fonction modèle 'void std::_Invoker_pmf_pointer::_Call<_Cv_FD,_Cv_TiD&,sc_dt::sc_uint<16>&,int&>(_Decayed,_Ty1,sc_dt::sc_uint<16> &,int &) noexcept(false)' en cours de compilation
          with
          [
              _Cv_FD=void (__thiscall PrintUnit::* )(size_t,bool),
              _Cv_TiD=PrintUnit *,
              _Decayed=void (__thiscall PrintUnit::* )(size_t,bool),
              _Ty1=PrintUnit *&
          ]
  c:\program files (x86)\microsoft visual studio\2017\community\vc\tools\msvc\14.15.26726\include\type_traits(15732480): note: voir la référence à l'instanciation de la fonction modèle 'void std::invoke<_Cv_FD&,_Cv_TiD&,sc_dt::sc_uint<16>&,int&>(_Callable,_Cv_TiD &,sc_dt::sc_uint<16> &,int &) noexcept(false)' en cours de compilation
          with
          [
              _Cv_FD=void (__thiscall PrintUnit::* )(size_t,bool),
              _Cv_TiD=PrintUnit *,
              _Callable=void (__thiscall PrintUnit::* &)(size_t,bool)
          ]
  c:\program files (x86)\microsoft visual studio\2017\community\vc\tools\msvc\14.15.26726\include\functional(1857): note: voir la référence à l'instanciation de la fonction modèle 'void std::_Invoker_ret<std::_Unforced,false>::_Call<_Cv_FD&,_Cv_TiD&,sc_dt::sc_uint<16>&,int&>(_Cv_FD &,_Cv_TiD &,sc_dt::sc_uint<16> &,int &)' en cours de compilation
          with
          [
              _Cv_FD=void (__thiscall PrintUnit::* )(size_t,bool),
              _Cv_TiD=PrintUnit *
          ]
  c:\program files (x86)\microsoft visual studio\2017\community\vc\tools\msvc\14.15.26726\include\functional(1914): note: voir la référence à l'instanciation de la fonction modèle 'void std::_Call_binder<std::_Unforced,0,1,2,_Ty1,_Ty2,std::tuple<>>(std::_Invoker_ret<std::_Unforced,false>,std::integer_sequence<_Ty,0,1,2>,_Cv_FD &,_Cv_tuple_TiD &,_Untuple &&)' en cours de compilation
          with
          [
              _Ty1=void (__thiscall PrintUnit::* )(size_t,bool),
              _Ty2=std::tuple<PrintUnit *,sc_dt::sc_uint<16>,int>,
              _Ty=size_t,
              _Cv_FD=void (__thiscall PrintUnit::* )(size_t,bool),
              _Cv_tuple_TiD=std::tuple<PrintUnit *,sc_dt::sc_uint<16>,int>,
              _Untuple=std::tuple<>
          ]
  c:\program files\systemc\include\sysc\kernel\sc_spawn.h(83): note: voir la référence à l'instanciation de la fonction modèle 'void std::_Binder<std::_Unforced,_Ty,PrintUnit*,sc_dt::sc_uint<16> &,int>::operator ()<>(void)' en cours de compilation
          with
          [
              _Ty=void (__thiscall PrintUnit::* )(size_t,bool)
          ]
  c:\program files\systemc\include\sysc\kernel\sc_spawn.h(83): note: voir la référence à l'instanciation de la fonction modèle 'void std::_Binder<std::_Unforced,_Ty,PrintUnit*,sc_dt::sc_uint<16> &,int>::operator ()<>(void)' en cours de compilation
          with
          [
              _Ty=void (__thiscall PrintUnit::* )(size_t,bool)
          ]
  c:\program files\systemc\include\sysc\kernel\sc_spawn.h(82): note: pendant la compilation de la fonction membre '<Inconnu>' (classe <Inconnu>)
  c:\program files\systemc\include\sysc\kernel\sc_spawn.h(113): note: voir la référence à l'instanciation de classe modèle 'sc_core::sc_spawn_object<T>' en cours de compilation
          with
          [
              T=std::_Binder<std::_Unforced,void (__thiscall PrintUnit::* )(size_t,bool),PrintUnit *,sc_dt::sc_uint<16> &,int>
          ]
  d:\ipsa\aero4\russie\exomars2020\exomars2020\network\printunit.cpp(24): note: voir la référence à l'instanciation de la fonction modèle 'sc_core::sc_process_handle sc_core::sc_spawn<std::_Binder<std::_Unforced,_Ty,PrintUnit*,sc_dt::sc_uint<16> &,int>>(T,const char *,const sc_core::sc_spawn_options *)' en cours de compilation
          with
          [
              _Ty=void (__thiscall PrintUnit::* )(size_t,bool),
              T=std::_Binder<std::_Unforced,void (__thiscall PrintUnit::* )(size_t,bool),PrintUnit *,sc_dt::sc_uint<16> &,int>
          ]
  Génération de code en cours
  5 of 996 functions ( 0.5%) were compiled, the rest were copied from previous compilation.
    0 functions were new in current compilation
    6 functions had inline decision re-evaluated but remain unchanged
  Fin de la génération du code
  Network.vcxproj -> D:\IPSA\Aero4\Russie\ExoMars2020\ExoMars2020\Release\Network.exe
