d:\ipsa\aero4\russie\exomars2020\exomars2020\network\custom_build_int\node.obj
d:\ipsa\aero4\russie\exomars2020\exomars2020\network\custom_build_int\switchunit.obj
d:\ipsa\aero4\russie\exomars2020\exomars2020\network\custom_build_int\packet.obj
d:\ipsa\aero4\russie\exomars2020\exomars2020\network\custom_build_int\networkunit.obj
d:\ipsa\aero4\russie\exomars2020\exomars2020\network\custom_build_int\crc.obj
d:\ipsa\aero4\russie\exomars2020\exomars2020\network\custom_build_int\io_port.obj
d:\ipsa\aero4\russie\exomars2020\exomars2020\network\custom_build_int\helperlib.obj
d:\ipsa\aero4\russie\exomars2020\exomars2020\network\custom_build_int\main.obj
d:\ipsa\aero4\russie\exomars2020\exomars2020\network\custom_build_int\vc141.pdb
d:\ipsa\aero4\russie\exomars2020\exomars2020\network\custom_build\mast_part.exe
d:\ipsa\aero4\russie\exomars2020\exomars2020\network\custom_build\mast_part.pdb
d:\ipsa\aero4\russie\exomars2020\exomars2020\network\custom_build\mast_part.ipdb
d:\ipsa\aero4\russie\exomars2020\exomars2020\network\custom_build\mast_part.iobj
d:\ipsa\aero4\russie\exomars2020\exomars2020\network\custom_build_int\network.tlog\cl.1172.write.1.tlog
d:\ipsa\aero4\russie\exomars2020\exomars2020\network\custom_build_int\network.tlog\cl.command.1.tlog
d:\ipsa\aero4\russie\exomars2020\exomars2020\network\custom_build_int\network.tlog\cl.read.1.tlog
d:\ipsa\aero4\russie\exomars2020\exomars2020\network\custom_build_int\network.tlog\link.command.1.tlog
d:\ipsa\aero4\russie\exomars2020\exomars2020\network\custom_build_int\network.tlog\link.read.1.tlog
d:\ipsa\aero4\russie\exomars2020\exomars2020\network\custom_build_int\network.tlog\link.write.1.tlog
d:\ipsa\aero4\russie\exomars2020\exomars2020\network\custom_build_int\network.tlog\network.write.1u.tlog
